STARTING AT Sun Apr 3 02:08:04 CEST 2016
/ssoft/caffe/2014/gnu/4.8.3/python/caffe/pycaffe.py:13: RuntimeWarning: to-Python converter for boost::shared_ptr<caffe::Net<float> > already registered; second conversion method ignored.
  from ._caffe import Net, SGDSolver, NesterovSolver, AdaGradSolver, \
/ssoft/caffe/2014/gnu/4.8.3/python/caffe/pycaffe.py:13: RuntimeWarning: to-Python converter for boost::shared_ptr<caffe::Blob<float> > already registered; second conversion method ignored.
  from ._caffe import Net, SGDSolver, NesterovSolver, AdaGradSolver, \
/ssoft/caffe/2014/gnu/4.8.3/python/caffe/pycaffe.py:13: RuntimeWarning: to-Python converter for boost::shared_ptr<caffe::Solver<float> > already registered; second conversion method ignored.
  from ._caffe import Net, SGDSolver, NesterovSolver, AdaGradSolver, \
Debug :: 21750 total lines in file
Info :: 21750 valid lines in file
Debug :: Category 0 has 288 images.
Debug :: Category 1 has 266 images.
Debug :: Category 2 has 68 images.
Debug :: Category 3 has 633 images.
Debug :: Category 4 has 724 images.
Debug :: Category 5 has 479 images.
Debug :: Category 6 has 277 images.
Debug :: Category 7 has 214 images.
Debug :: Category 8 has 498 images.
Debug :: Category 9 has 389 images.
Debug :: Category 10 has 457 images.
Debug :: Category 11 has 476 images.
Debug :: Category 12 has 540 images.
Debug :: Category 13 has 436 images.
Debug :: Category 14 has 157 images.
Debug :: Category 15 has 2200 images.
Debug :: Category 16 has 855 images.
Debug :: Category 17 has 54 images.
Debug :: Category 18 has 385 images.
Debug :: Category 19 has 602 images.
Debug :: Category 20 has 408 images.
Debug :: Category 21 has 408 images.
Debug :: Category 22 has 72 images.
Debug :: Category 23 has 209 images.
Debug :: Category 24 has 2149 images.
Debug :: Category 25 has 725 images.
Debug :: Category 26 has 431 images.
Debug :: Category 27 has 218 images.
Debug :: Category 28 has 775 images.
Debug :: Category 29 has 433 images.
Debug :: Category 30 has 765 images.
Debug :: Category 31 has 404 images.
Debug :: Category 32 has 722 images.
Debug :: Category 33 has 572 images.
Debug :: Category 34 has 544 images.
Debug :: Category 35 has 2127 images.
Debug :: Category 36 has 156 images.
Debug :: Category 37 has 634 images.
Debug :: Processed 300/21750
Debug :: Doubling LMDB map size to 20MB ...
Debug :: Processed 600/21750
Debug :: Doubling LMDB map size to 40MB ...
Debug :: Processed 1000/21750
Debug :: Processed 1300/21750
Debug :: Processed 1600/21750
Debug :: Doubling LMDB map size to 80MB ...
Debug :: Processed 1900/21750
Debug :: Processed 2200/21750
Debug :: Processed 2400/21750
Debug :: Processed 2700/21750
Debug :: Processed 2900/21750
Debug :: Processed 3200/21750
Debug :: Doubling LMDB map size to 160MB ...
Debug :: Processed 3400/21750
Debug :: Processed 3700/21750
Debug :: Processed 3900/21750
Debug :: Processed 4200/21750
Debug :: Processed 4400/21750
Debug :: Processed 4700/21750
Debug :: Processed 4900/21750
Debug :: Processed 5200/21750
Debug :: Processed 5400/21750
Debug :: Processed 5600/21750
Debug :: Processed 5900/21750
Debug :: Processed 6100/21750
Debug :: Processed 6400/21750
Debug :: Processed 6600/21750
Debug :: Doubling LMDB map size to 320MB ...
Debug :: Processed 6800/21750
Debug :: Processed 7100/21750
Debug :: Processed 7400/21750
Debug :: Processed 7600/21750
Debug :: Processed 7900/21750
Debug :: Processed 8100/21750
Debug :: Processed 8300/21750
Debug :: Processed 8600/21750
Debug :: Processed 8800/21750
Debug :: Processed 9100/21750
Debug :: Processed 9300/21750
Debug :: Processed 9500/21750
Debug :: Processed 9800/21750
Debug :: Processed 10000/21750
Debug :: Processed 10300/21750
Debug :: Processed 10500/21750
Debug :: Processed 10800/21750
Debug :: Processed 11000/21750
Debug :: Processed 11200/21750
Debug :: Processed 11500/21750
Debug :: Processed 11700/21750
Debug :: Processed 11900/21750
Debug :: Processed 12100/21750
Debug :: Processed 12400/21750
Debug :: Processed 12600/21750
Debug :: Processed 12900/21750
Debug :: Processed 13200/21750
Debug :: Doubling LMDB map size to 640MB ...
Debug :: Processed 13500/21750
Debug :: Processed 13800/21750
Debug :: Processed 14200/21750
Debug :: Processed 14400/21750
Debug :: Processed 14800/21750
Debug :: Processed 15100/21750
Debug :: Processed 15500/21750
Debug :: Processed 15800/21750
Debug :: Processed 16200/21750
Debug :: Processed 16500/21750
Debug :: Processed 16900/21750
Debug :: Processed 17200/21750
Debug :: Processed 17400/21750
Debug :: Processed 17600/21750
Debug :: Processed 17900/21750
Debug :: Processed 18100/21750
Debug :: Processed 18400/21750
Debug :: Processed 18600/21750
Debug :: Processed 18900/21750
Debug :: Processed 19100/21750
Debug :: Processed 19300/21750
Debug :: Processed 19600/21750
Debug :: Processed 19800/21750
Debug :: Processed 20000/21750
Debug :: Processed 20300/21750
Debug :: Processed 20500/21750
Debug :: Processed 20700/21750
Debug :: Processed 21000/21750
Debug :: Processed 21200/21750
Debug :: Processed 21400/21750
Debug :: Processed 21600/21750
Debug :: 21750 images loaded
Info :: 21750 images written to database
Info :: Mean saved at "lmdb/color-40-60/mean.binaryproto"
Info :: Database created after 175 seconds.
/ssoft/caffe/2014/gnu/4.8.3/python/caffe/pycaffe.py:13: RuntimeWarning: to-Python converter for boost::shared_ptr<caffe::Net<float> > already registered; second conversion method ignored.
  from ._caffe import Net, SGDSolver, NesterovSolver, AdaGradSolver, \
/ssoft/caffe/2014/gnu/4.8.3/python/caffe/pycaffe.py:13: RuntimeWarning: to-Python converter for boost::shared_ptr<caffe::Blob<float> > already registered; second conversion method ignored.
  from ._caffe import Net, SGDSolver, NesterovSolver, AdaGradSolver, \
/ssoft/caffe/2014/gnu/4.8.3/python/caffe/pycaffe.py:13: RuntimeWarning: to-Python converter for boost::shared_ptr<caffe::Solver<float> > already registered; second conversion method ignored.
  from ._caffe import Net, SGDSolver, NesterovSolver, AdaGradSolver, \
Debug :: 32555 total lines in file
Info :: 32555 valid lines in file
Debug :: Category 0 has 342 images.
Debug :: Category 1 has 355 images.
Debug :: Category 2 has 207 images.
Debug :: Category 3 has 1012 images.
Debug :: Category 4 has 778 images.
Debug :: Category 5 has 573 images.
Debug :: Category 6 has 577 images.
Debug :: Category 7 has 299 images.
Debug :: Category 8 has 694 images.
Debug :: Category 9 has 596 images.
Debug :: Category 10 has 705 images.
Debug :: Category 11 has 704 images.
Debug :: Category 12 has 843 images.
Debug :: Category 13 has 640 images.
Debug :: Category 14 has 266 images.
Debug :: Category 15 has 3307 images.
Debug :: Category 16 has 1442 images.
Debug :: Category 17 has 306 images.
Debug :: Category 18 has 612 images.
Debug :: Category 19 has 876 images.
Debug :: Category 20 has 592 images.
Debug :: Category 21 has 592 images.
Debug :: Category 22 has 80 images.
Debug :: Category 23 has 162 images.
Debug :: Category 24 has 2941 images.
Debug :: Category 25 has 1110 images.
Debug :: Category 26 has 678 images.
Debug :: Category 27 has 238 images.
Debug :: Category 28 has 1352 images.
Debug :: Category 29 has 567 images.
Debug :: Category 30 has 1144 images.
Debug :: Category 31 has 548 images.
Debug :: Category 32 has 1049 images.
Debug :: Category 33 has 1104 images.
Debug :: Category 34 has 860 images.
Debug :: Category 35 has 3230 images.
Debug :: Category 36 has 217 images.
Debug :: Category 37 has 957 images.
Debug :: Processed 100/32555
Debug :: Processed 400/32555
Debug :: Doubling LMDB map size to 20MB ...
Debug :: Processed 600/32555
Debug :: Doubling LMDB map size to 40MB ...
Debug :: Processed 900/32555
Debug :: Processed 1100/32555
Debug :: Processed 1400/32555
Debug :: Doubling LMDB map size to 80MB ...
Debug :: Processed 1700/32555
Debug :: Processed 1900/32555
Debug :: Processed 2100/32555
Debug :: Processed 2400/32555
Debug :: Processed 2600/32555
Debug :: Processed 2800/32555
Debug :: Processed 3100/32555
Debug :: Processed 3300/32555
Debug :: Doubling LMDB map size to 160MB ...
Debug :: Processed 3600/32555
Debug :: Processed 3800/32555
Debug :: Processed 4100/32555
Debug :: Processed 4300/32555
Debug :: Processed 4500/32555
Debug :: Processed 4700/32555
Debug :: Processed 5000/32555
Debug :: Processed 5200/32555
Debug :: Processed 5500/32555
Debug :: Processed 5700/32555
Debug :: Processed 5900/32555
Debug :: Processed 6200/32555
Debug :: Processed 6400/32555
Debug :: Processed 6600/32555
Debug :: Doubling LMDB map size to 320MB ...
Debug :: Processed 6900/32555
Debug :: Processed 7100/32555
Debug :: Processed 7300/32555
Debug :: Processed 7600/32555
Debug :: Processed 7800/32555
Debug :: Processed 8000/32555
Debug :: Processed 8300/32555
Debug :: Processed 8500/32555
Debug :: Processed 8800/32555
Debug :: Processed 9000/32555
Debug :: Processed 9200/32555
Debug :: Processed 9400/32555
Debug :: Processed 9600/32555
Debug :: Processed 9800/32555
Debug :: Processed 10000/32555
Debug :: Processed 10200/32555
Debug :: Processed 10400/32555
Debug :: Processed 10600/32555
Debug :: Processed 10900/32555
Debug :: Processed 11100/32555
Debug :: Processed 11300/32555
Debug :: Processed 11500/32555
Debug :: Processed 11800/32555
Debug :: Processed 12000/32555
Debug :: Processed 12200/32555
Debug :: Processed 12500/32555
Debug :: Processed 12700/32555
Debug :: Processed 13000/32555
Debug :: Processed 13200/32555
Debug :: Processed 13400/32555
Debug :: Doubling LMDB map size to 640MB ...
Debug :: Processed 13600/32555
Debug :: Processed 13900/32555
Debug :: Processed 14100/32555
Debug :: Processed 14300/32555
Debug :: Processed 14600/32555
Debug :: Processed 14800/32555
Debug :: Processed 15100/32555
Debug :: Processed 15300/32555
Debug :: Processed 15600/32555
Debug :: Processed 15800/32555
Debug :: Processed 16100/32555
Debug :: Processed 16300/32555
Debug :: Processed 16500/32555
Debug :: Processed 16700/32555
Debug :: Processed 17000/32555
Debug :: Processed 17200/32555
Debug :: Processed 17500/32555
Debug :: Processed 17700/32555
Debug :: Processed 17900/32555
Debug :: Processed 18100/32555
Debug :: Processed 18300/32555
Debug :: Processed 18500/32555
Debug :: Processed 18700/32555
Debug :: Processed 18900/32555
Debug :: Processed 19100/32555
Debug :: Processed 19400/32555
Debug :: Processed 19600/32555
Debug :: Processed 19800/32555
Debug :: Processed 20000/32555
Debug :: Processed 20200/32555
Debug :: Processed 20400/32555
Debug :: Processed 20600/32555
Debug :: Processed 20800/32555
Debug :: Processed 21000/32555
Debug :: Processed 21200/32555
Debug :: Processed 21400/32555
Debug :: Processed 21600/32555
Debug :: Processed 21900/32555
Debug :: Processed 22100/32555
Debug :: Processed 22300/32555
Debug :: Processed 22500/32555
Debug :: Processed 22700/32555
Debug :: Processed 22900/32555
Debug :: Processed 23100/32555
Debug :: Processed 23300/32555
Debug :: Processed 23600/32555
Debug :: Processed 23800/32555
Debug :: Processed 24000/32555
Debug :: Processed 24200/32555
Debug :: Processed 24400/32555
Debug :: Processed 24600/32555
Debug :: Processed 24800/32555
Debug :: Processed 25000/32555
Debug :: Processed 25200/32555
Debug :: Processed 25400/32555
Debug :: Processed 25600/32555
Debug :: Processed 25900/32555
Debug :: Processed 26100/32555
Debug :: Processed 26300/32555
Debug :: Processed 26500/32555
Debug :: Processed 26700/32555
Debug :: Processed 26900/32555
Debug :: Doubling LMDB map size to 1280MB ...
Debug :: Processed 27100/32555
Debug :: Processed 27400/32555
Debug :: Processed 27600/32555
Debug :: Processed 27800/32555
Debug :: Processed 28000/32555
Debug :: Processed 28200/32555
Debug :: Processed 28500/32555
Debug :: Processed 28700/32555
Debug :: Processed 28900/32555
Debug :: Processed 29100/32555
Debug :: Processed 29400/32555
Debug :: Processed 29600/32555
Debug :: Processed 29800/32555
Debug :: Processed 30000/32555
Debug :: Processed 30300/32555
Debug :: Processed 30500/32555
Debug :: Processed 30800/32555
Debug :: Processed 31000/32555
Debug :: Processed 31200/32555
Debug :: Processed 31500/32555
Debug :: Processed 31700/32555
Debug :: Processed 31900/32555
Debug :: Processed 32200/32555
Debug :: Processed 32400/32555
Debug :: 32555 images loaded
Info :: 32555 images written to database
Info :: Database created after 300 seconds.
