STARTING AT Sun Apr 3 02:08:04 CEST 2016
/ssoft/caffe/2014/gnu/4.8.3/python/caffe/pycaffe.py:13: RuntimeWarning: to-Python converter for boost::shared_ptr<caffe::Net<float> > already registered; second conversion method ignored.
  from ._caffe import Net, SGDSolver, NesterovSolver, AdaGradSolver, \
/ssoft/caffe/2014/gnu/4.8.3/python/caffe/pycaffe.py:13: RuntimeWarning: to-Python converter for boost::shared_ptr<caffe::Blob<float> > already registered; second conversion method ignored.
  from ._caffe import Net, SGDSolver, NesterovSolver, AdaGradSolver, \
/ssoft/caffe/2014/gnu/4.8.3/python/caffe/pycaffe.py:13: RuntimeWarning: to-Python converter for boost::shared_ptr<caffe::Solver<float> > already registered; second conversion method ignored.
  from ._caffe import Net, SGDSolver, NesterovSolver, AdaGradSolver, \
Debug :: 21906 total lines in file
Info :: 21906 valid lines in file
Debug :: Category 0 has 264 images.
Debug :: Category 1 has 291 images.
Debug :: Category 2 has 91 images.
Debug :: Category 3 has 590 images.
Debug :: Category 4 has 632 images.
Debug :: Category 5 has 379 images.
Debug :: Category 6 has 375 images.
Debug :: Category 7 has 201 images.
Debug :: Category 8 has 457 images.
Debug :: Category 9 has 406 images.
Debug :: Category 10 has 449 images.
Debug :: Category 11 has 444 images.
Debug :: Category 12 has 496 images.
Debug :: Category 13 has 460 images.
Debug :: Category 14 has 168 images.
Debug :: Category 15 has 2411 images.
Debug :: Category 16 has 930 images.
Debug :: Category 17 has 132 images.
Debug :: Category 18 has 468 images.
Debug :: Category 19 has 522 images.
Debug :: Category 20 has 408 images.
Debug :: Category 21 has 468 images.
Debug :: Category 22 has 80 images.
Debug :: Category 23 has 270 images.
Debug :: Category 24 has 1959 images.
Debug :: Category 25 has 721 images.
Debug :: Category 26 has 424 images.
Debug :: Category 27 has 180 images.
Debug :: Category 28 has 900 images.
Debug :: Category 29 has 360 images.
Debug :: Category 30 has 743 images.
Debug :: Category 31 has 392 images.
Debug :: Category 32 has 657 images.
Debug :: Category 33 has 668 images.
Debug :: Category 34 has 591 images.
Debug :: Category 35 has 2171 images.
Debug :: Category 36 has 136 images.
Debug :: Category 37 has 612 images.
Debug :: Processed 200/21906
Debug :: Processed 500/21906
Debug :: Doubling LMDB map size to 20MB ...
Debug :: Processed 800/21906
Debug :: Processed 1000/21906
Debug :: Processed 1300/21906
Debug :: Doubling LMDB map size to 40MB ...
Debug :: Processed 1600/21906
Debug :: Processed 1800/21906
Debug :: Processed 2000/21906
Debug :: Processed 2300/21906
Debug :: Processed 2400/21906
Debug :: Processed 2700/21906
Debug :: Doubling LMDB map size to 80MB ...
Debug :: Processed 2900/21906
Debug :: Processed 3100/21906
Debug :: Processed 3300/21906
Debug :: Processed 3500/21906
Debug :: Processed 3700/21906
Debug :: Processed 3900/21906
Debug :: Processed 4200/21906
Debug :: Processed 4400/21906
Debug :: Processed 4600/21906
Debug :: Processed 4800/21906
Debug :: Processed 5100/21906
Debug :: Processed 5300/21906
Debug :: Doubling LMDB map size to 160MB ...
Debug :: Processed 5500/21906
Debug :: Processed 5800/21906
Debug :: Processed 6000/21906
Debug :: Processed 6200/21906
Debug :: Processed 6400/21906
Debug :: Processed 6700/21906
Debug :: Processed 6900/21906
Debug :: Processed 7100/21906
Debug :: Processed 7400/21906
Debug :: Processed 7600/21906
Debug :: Processed 7800/21906
Debug :: Processed 8100/21906
Debug :: Processed 8300/21906
Debug :: Processed 8600/21906
Debug :: Processed 8800/21906
Debug :: Processed 9000/21906
Debug :: Processed 9300/21906
Debug :: Processed 9500/21906
Debug :: Processed 9700/21906
Debug :: Processed 9900/21906
Debug :: Processed 10100/21906
Debug :: Processed 10300/21906
Debug :: Processed 10500/21906
Debug :: Processed 10800/21906
Debug :: Doubling LMDB map size to 320MB ...
Debug :: Processed 11100/21906
Debug :: Processed 11300/21906
Debug :: Processed 11600/21906
Debug :: Processed 11900/21906
Debug :: Processed 12200/21906
Debug :: Processed 12500/21906
Debug :: Processed 12800/21906
Debug :: Processed 13100/21906
Debug :: Processed 13400/21906
Debug :: Processed 13700/21906
Debug :: Processed 13900/21906
Debug :: Processed 14100/21906
Debug :: Processed 14300/21906
Debug :: Processed 14600/21906
Debug :: Processed 14800/21906
Debug :: Processed 15000/21906
Debug :: Processed 15200/21906
Debug :: Processed 15400/21906
Debug :: Processed 15600/21906
Debug :: Processed 15800/21906
Debug :: Processed 16100/21906
Debug :: Processed 16300/21906
Debug :: Processed 16500/21906
Debug :: Processed 16700/21906
Debug :: Processed 17000/21906
Debug :: Processed 17200/21906
Debug :: Processed 17400/21906
Debug :: Processed 17600/21906
Debug :: Processed 17800/21906
Debug :: Processed 18100/21906
Debug :: Processed 18300/21906
Debug :: Processed 18500/21906
Debug :: Processed 18800/21906
Debug :: Processed 19000/21906
Debug :: Processed 19200/21906
Debug :: Processed 19400/21906
Debug :: Processed 19600/21906
Debug :: Processed 19800/21906
Debug :: Processed 20000/21906
Debug :: Processed 20200/21906
Debug :: Processed 20500/21906
Debug :: Processed 20600/21906
Debug :: Processed 20800/21906
Debug :: Processed 21000/21906
Debug :: Processed 21300/21906
Debug :: Processed 21400/21906
Debug :: Processed 21700/21906
Debug :: Doubling LMDB map size to 640MB ...
Debug :: 21906 images loaded
Info :: 21906 images written to database
Info :: Mean saved at "lmdb/segmented-40-60/mean.binaryproto"
Info :: Database created after 198 seconds.
/ssoft/caffe/2014/gnu/4.8.3/python/caffe/pycaffe.py:13: RuntimeWarning: to-Python converter for boost::shared_ptr<caffe::Net<float> > already registered; second conversion method ignored.
  from ._caffe import Net, SGDSolver, NesterovSolver, AdaGradSolver, \
/ssoft/caffe/2014/gnu/4.8.3/python/caffe/pycaffe.py:13: RuntimeWarning: to-Python converter for boost::shared_ptr<caffe::Blob<float> > already registered; second conversion method ignored.
  from ._caffe import Net, SGDSolver, NesterovSolver, AdaGradSolver, \
/ssoft/caffe/2014/gnu/4.8.3/python/caffe/pycaffe.py:13: RuntimeWarning: to-Python converter for boost::shared_ptr<caffe::Solver<float> > already registered; second conversion method ignored.
  from ._caffe import Net, SGDSolver, NesterovSolver, AdaGradSolver, \
Debug :: 32400 total lines in file
Info :: 32400 valid lines in file
Debug :: Category 0 has 366 images.
Debug :: Category 1 has 330 images.
Debug :: Category 2 has 184 images.
Debug :: Category 3 has 1055 images.
Debug :: Category 4 has 870 images.
Debug :: Category 5 has 673 images.
Debug :: Category 6 has 479 images.
Debug :: Category 7 has 312 images.
Debug :: Category 8 has 735 images.
Debug :: Category 9 has 579 images.
Debug :: Category 10 has 713 images.
Debug :: Category 11 has 736 images.
Debug :: Category 12 has 888 images.
Debug :: Category 13 has 616 images.
Debug :: Category 14 has 255 images.
Debug :: Category 15 has 3096 images.
Debug :: Category 16 has 1367 images.
Debug :: Category 17 has 228 images.
Debug :: Category 18 has 529 images.
Debug :: Category 19 has 956 images.
Debug :: Category 20 has 592 images.
Debug :: Category 21 has 532 images.
Debug :: Category 22 has 72 images.
Debug :: Category 23 has 101 images.
Debug :: Category 24 has 3131 images.
Debug :: Category 25 has 1114 images.
Debug :: Category 26 has 685 images.
Debug :: Category 27 has 276 images.
Debug :: Category 28 has 1227 images.
Debug :: Category 29 has 640 images.
Debug :: Category 30 has 1166 images.
Debug :: Category 31 has 560 images.
Debug :: Category 32 has 1114 images.
Debug :: Category 33 has 1008 images.
Debug :: Category 34 has 813 images.
Debug :: Category 35 has 3186 images.
Debug :: Category 36 has 237 images.
Debug :: Category 37 has 979 images.
Debug :: Processed 200/32400
Debug :: Processed 400/32400
Debug :: Doubling LMDB map size to 20MB ...
Debug :: Processed 700/32400
Debug :: Processed 900/32400
Debug :: Processed 1200/32400
Debug :: Doubling LMDB map size to 40MB ...
Debug :: Processed 1500/32400
Debug :: Processed 1700/32400
Debug :: Processed 1900/32400
Debug :: Processed 2200/32400
Debug :: Processed 2400/32400
Debug :: Processed 2600/32400
Debug :: Doubling LMDB map size to 80MB ...
Debug :: Processed 2900/32400
Debug :: Processed 3100/32400
Debug :: Processed 3400/32400
Debug :: Processed 3600/32400
Debug :: Processed 3800/32400
Debug :: Processed 4000/32400
Debug :: Processed 4300/32400
Debug :: Processed 4500/32400
Debug :: Processed 4800/32400
Debug :: Processed 5000/32400
Debug :: Processed 5200/32400
Debug :: Processed 5400/32400
Debug :: Doubling LMDB map size to 160MB ...
Debug :: Processed 5600/32400
Debug :: Processed 5800/32400
Debug :: Processed 5900/32400
Debug :: Processed 6200/32400
Debug :: Processed 6400/32400
Debug :: Processed 6600/32400
Debug :: Processed 6900/32400
Debug :: Processed 7100/32400
Debug :: Processed 7400/32400
Debug :: Processed 7600/32400
Debug :: Processed 7900/32400
Debug :: Processed 8100/32400
Debug :: Processed 8400/32400
Debug :: Processed 8600/32400
Debug :: Processed 8800/32400
Debug :: Processed 9100/32400
Debug :: Processed 9300/32400
Debug :: Processed 9500/32400
Debug :: Processed 9700/32400
Debug :: Processed 9900/32400
Debug :: Processed 10100/32400
Debug :: Processed 10300/32400
Debug :: Processed 10500/32400
Debug :: Processed 10800/32400
Debug :: Doubling LMDB map size to 320MB ...
Debug :: Processed 11000/32400
Debug :: Processed 11100/32400
Debug :: Processed 11400/32400
Debug :: Processed 11600/32400
Debug :: Processed 11800/32400
Debug :: Processed 12000/32400
Debug :: Processed 12200/32400
Debug :: Processed 12500/32400
Debug :: Processed 12700/32400
Debug :: Processed 12900/32400
Debug :: Processed 13100/32400
Debug :: Processed 13300/32400
Debug :: Processed 13500/32400
Debug :: Processed 13700/32400
Debug :: Processed 14000/32400
Debug :: Processed 14200/32400
Debug :: Processed 14400/32400
Debug :: Processed 14700/32400
Debug :: Processed 14900/32400
Debug :: Processed 15200/32400
Debug :: Processed 15400/32400
Debug :: Processed 15600/32400
Debug :: Processed 15900/32400
Debug :: Processed 16100/32400
Debug :: Processed 16400/32400
Debug :: Processed 16600/32400
Debug :: Processed 16800/32400
Debug :: Processed 17000/32400
Debug :: Processed 17300/32400
Debug :: Processed 17500/32400
Debug :: Processed 17700/32400
Debug :: Processed 18000/32400
Debug :: Processed 18200/32400
Debug :: Processed 18500/32400
Debug :: Processed 18700/32400
Debug :: Processed 18900/32400
Debug :: Processed 19200/32400
Debug :: Processed 19500/32400
Debug :: Processed 19700/32400
Debug :: Processed 20000/32400
Debug :: Processed 20200/32400
Debug :: Processed 20400/32400
Debug :: Processed 20700/32400
Debug :: Processed 20900/32400
Debug :: Processed 21200/32400
Debug :: Processed 21400/32400
Debug :: Processed 21600/32400
Debug :: Doubling LMDB map size to 640MB ...
Debug :: Processed 21900/32400
Debug :: Processed 22100/32400
Debug :: Processed 22400/32400
Debug :: Processed 22600/32400
Debug :: Processed 22800/32400
Debug :: Processed 23100/32400
Debug :: Processed 23300/32400
Debug :: Processed 23600/32400
Debug :: Processed 23800/32400
Debug :: Processed 24100/32400
Debug :: Processed 24300/32400
Debug :: Processed 24600/32400
Debug :: Processed 24800/32400
Debug :: Processed 25000/32400
Debug :: Processed 25300/32400
Debug :: Processed 25500/32400
Debug :: Processed 25800/32400
Debug :: Processed 26000/32400
Debug :: Processed 26300/32400
Debug :: Processed 26500/32400
Debug :: Processed 26700/32400
Debug :: Processed 26900/32400
Debug :: Processed 27100/32400
Debug :: Processed 27400/32400
Debug :: Processed 27600/32400
Debug :: Processed 27800/32400
Debug :: Processed 28000/32400
Debug :: Processed 28200/32400
Debug :: Processed 28400/32400
Debug :: Processed 28600/32400
Debug :: Processed 28800/32400
Debug :: Processed 29100/32400
Debug :: Processed 29300/32400
Debug :: Processed 29600/32400
Debug :: Processed 29800/32400
Debug :: Processed 30000/32400
Debug :: Processed 30300/32400
Debug :: Processed 30500/32400
Debug :: Processed 30700/32400
Debug :: Processed 31000/32400
Debug :: Processed 31200/32400
Debug :: Processed 31500/32400
Debug :: Processed 31700/32400
Debug :: Processed 31900/32400
Debug :: Processed 32200/32400
Debug :: 32400 images loaded
Info :: 32400 images written to database
Info :: Database created after 292 seconds.
