STARTING AT Sun Apr 3 02:08:04 CEST 2016
/ssoft/caffe/2014/gnu/4.8.3/python/caffe/pycaffe.py:13: RuntimeWarning: to-Python converter for boost::shared_ptr<caffe::Net<float> > already registered; second conversion method ignored.
  from ._caffe import Net, SGDSolver, NesterovSolver, AdaGradSolver, \
/ssoft/caffe/2014/gnu/4.8.3/python/caffe/pycaffe.py:13: RuntimeWarning: to-Python converter for boost::shared_ptr<caffe::Blob<float> > already registered; second conversion method ignored.
  from ._caffe import Net, SGDSolver, NesterovSolver, AdaGradSolver, \
/ssoft/caffe/2014/gnu/4.8.3/python/caffe/pycaffe.py:13: RuntimeWarning: to-Python converter for boost::shared_ptr<caffe::Solver<float> > already registered; second conversion method ignored.
  from ._caffe import Net, SGDSolver, NesterovSolver, AdaGradSolver, \
Debug :: 26745 total lines in file
Info :: 26745 valid lines in file
Debug :: Category 0 has 381 images.
Debug :: Category 1 has 226 images.
Debug :: Category 2 has 132 images.
Debug :: Category 3 has 777 images.
Debug :: Category 4 has 786 images.
Debug :: Category 5 has 473 images.
Debug :: Category 6 has 393 images.
Debug :: Category 7 has 251 images.
Debug :: Category 8 has 561 images.
Debug :: Category 9 has 512 images.
Debug :: Category 10 has 558 images.
Debug :: Category 11 has 552 images.
Debug :: Category 12 has 675 images.
Debug :: Category 13 has 504 images.
Debug :: Category 14 has 203 images.
Debug :: Category 15 has 2696 images.
Debug :: Category 16 has 1139 images.
Debug :: Category 17 has 253 images.
Debug :: Category 18 has 540 images.
Debug :: Category 19 has 650 images.
Debug :: Category 20 has 468 images.
Debug :: Category 21 has 532 images.
Debug :: Category 22 has 112 images.
Debug :: Category 23 has 238 images.
Debug :: Category 24 has 2429 images.
Debug :: Category 25 has 892 images.
Debug :: Category 26 has 581 images.
Debug :: Category 27 has 256 images.
Debug :: Category 28 has 1092 images.
Debug :: Category 29 has 516 images.
Debug :: Category 30 has 931 images.
Debug :: Category 31 has 448 images.
Debug :: Category 32 has 902 images.
Debug :: Category 33 has 800 images.
Debug :: Category 34 has 682 images.
Debug :: Category 35 has 2675 images.
Debug :: Category 36 has 184 images.
Debug :: Category 37 has 745 images.
Debug :: Processed 200/26745
Debug :: Doubling LMDB map size to 20MB ...
Debug :: Processed 600/26745
Debug :: Doubling LMDB map size to 40MB ...
Debug :: Processed 1000/26745
Debug :: Processed 1300/26745
Debug :: Processed 1600/26745
Debug :: Doubling LMDB map size to 80MB ...
Debug :: Processed 1900/26745
Debug :: Processed 2200/26745
Debug :: Processed 2500/26745
Debug :: Processed 2800/26745
Debug :: Processed 3000/26745
Debug :: Processed 3200/26745
Debug :: Doubling LMDB map size to 160MB ...
Debug :: Processed 3500/26745
Debug :: Processed 3700/26745
Debug :: Processed 3900/26745
Debug :: Processed 4200/26745
Debug :: Processed 4500/26745
Debug :: Processed 4700/26745
Debug :: Processed 4900/26745
Debug :: Processed 5100/26745
Debug :: Processed 5400/26745
Debug :: Processed 5600/26745
Debug :: Processed 5800/26745
Debug :: Processed 6100/26745
Debug :: Processed 6300/26745
Debug :: Processed 6600/26745
Debug :: Processed 6800/26745
Debug :: Processed 7000/26745
Debug :: Doubling LMDB map size to 320MB ...
Debug :: Processed 7300/26745
Debug :: Processed 7600/26745
Debug :: Processed 7800/26745
Debug :: Processed 8000/26745
Debug :: Processed 8300/26745
Debug :: Processed 8500/26745
Debug :: Processed 8700/26745
Debug :: Processed 9000/26745
Debug :: Processed 9200/26745
Debug :: Processed 9400/26745
Debug :: Processed 9700/26745
Debug :: Processed 9900/26745
Debug :: Processed 10200/26745
Debug :: Processed 10500/26745
Debug :: Processed 10700/26745
Debug :: Processed 10900/26745
Debug :: Processed 11200/26745
Debug :: Processed 11400/26745
Debug :: Processed 11600/26745
Debug :: Processed 11800/26745
Debug :: Processed 12100/26745
Debug :: Processed 12300/26745
Debug :: Processed 12600/26745
Debug :: Processed 12800/26745
Debug :: Processed 13000/26745
Debug :: Processed 13300/26745
Debug :: Processed 13500/26745
Debug :: Processed 13700/26745
Debug :: Processed 14000/26745
Debug :: Doubling LMDB map size to 640MB ...
Debug :: Processed 14200/26745
Debug :: Processed 14400/26745
Debug :: Processed 14700/26745
Debug :: Processed 14900/26745
Debug :: Processed 15100/26745
Debug :: Processed 15400/26745
Debug :: Processed 15600/26745
Debug :: Processed 15800/26745
Debug :: Processed 16100/26745
Debug :: Processed 16300/26745
Debug :: Processed 16500/26745
Debug :: Processed 16700/26745
Debug :: Processed 17000/26745
Debug :: Processed 17200/26745
Debug :: Processed 17500/26745
Debug :: Processed 17700/26745
Debug :: Processed 17900/26745
Debug :: Processed 18100/26745
Debug :: Processed 18300/26745
Debug :: Processed 18600/26745
Debug :: Processed 18800/26745
Debug :: Processed 19000/26745
Debug :: Processed 19300/26745
Debug :: Processed 19500/26745
Debug :: Processed 19700/26745
Debug :: Processed 20000/26745
Debug :: Processed 20200/26745
Debug :: Processed 20400/26745
Debug :: Processed 20600/26745
Debug :: Processed 20800/26745
Debug :: Processed 21000/26745
Debug :: Processed 21200/26745
Debug :: Processed 21500/26745
Debug :: Processed 21700/26745
Debug :: Processed 21900/26745
Debug :: Processed 22100/26745
Debug :: Processed 22300/26745
Debug :: Processed 22500/26745
Debug :: Processed 22700/26745
Debug :: Processed 22900/26745
Debug :: Processed 23100/26745
Debug :: Processed 23300/26745
Debug :: Processed 23500/26745
Debug :: Processed 23700/26745
Debug :: Processed 23900/26745
Debug :: Processed 24100/26745
Debug :: Processed 24400/26745
Debug :: Processed 24600/26745
Debug :: Processed 24800/26745
Debug :: Processed 25000/26745
Debug :: Processed 25300/26745
Debug :: Processed 25600/26745
Debug :: Processed 25900/26745
Debug :: Processed 26200/26745
Debug :: Processed 26400/26745
Debug :: 26745 images loaded
Info :: 26745 images written to database
Info :: Mean saved at "lmdb/grayscale-50-50/mean.binaryproto"
Info :: Database created after 232 seconds.
/ssoft/caffe/2014/gnu/4.8.3/python/caffe/pycaffe.py:13: RuntimeWarning: to-Python converter for boost::shared_ptr<caffe::Net<float> > already registered; second conversion method ignored.
  from ._caffe import Net, SGDSolver, NesterovSolver, AdaGradSolver, \
/ssoft/caffe/2014/gnu/4.8.3/python/caffe/pycaffe.py:13: RuntimeWarning: to-Python converter for boost::shared_ptr<caffe::Blob<float> > already registered; second conversion method ignored.
  from ._caffe import Net, SGDSolver, NesterovSolver, AdaGradSolver, \
/ssoft/caffe/2014/gnu/4.8.3/python/caffe/pycaffe.py:13: RuntimeWarning: to-Python converter for boost::shared_ptr<caffe::Solver<float> > already registered; second conversion method ignored.
  from ._caffe import Net, SGDSolver, NesterovSolver, AdaGradSolver, \
Debug :: 27560 total lines in file
Info :: 27560 valid lines in file
Debug :: Category 0 has 249 images.
Debug :: Category 1 has 395 images.
Debug :: Category 2 has 143 images.
Debug :: Category 3 has 868 images.
Debug :: Category 4 has 716 images.
Debug :: Category 5 has 579 images.
Debug :: Category 6 has 461 images.
Debug :: Category 7 has 262 images.
Debug :: Category 8 has 631 images.
Debug :: Category 9 has 473 images.
Debug :: Category 10 has 604 images.
Debug :: Category 11 has 628 images.
Debug :: Category 12 has 708 images.
Debug :: Category 13 has 572 images.
Debug :: Category 14 has 220 images.
Debug :: Category 15 has 2811 images.
Debug :: Category 16 has 1158 images.
Debug :: Category 17 has 107 images.
Debug :: Category 18 has 457 images.
Debug :: Category 19 has 828 images.
Debug :: Category 20 has 532 images.
Debug :: Category 21 has 468 images.
Debug :: Category 22 has 40 images.
Debug :: Category 23 has 133 images.
Debug :: Category 24 has 2661 images.
Debug :: Category 25 has 943 images.
Debug :: Category 26 has 528 images.
Debug :: Category 27 has 200 images.
Debug :: Category 28 has 1035 images.
Debug :: Category 29 has 484 images.
Debug :: Category 30 has 978 images.
Debug :: Category 31 has 504 images.
Debug :: Category 32 has 869 images.
Debug :: Category 33 has 876 images.
Debug :: Category 34 has 722 images.
Debug :: Category 35 has 2682 images.
Debug :: Category 36 has 189 images.
Debug :: Category 37 has 846 images.
Debug :: Processed 200/27560
Debug :: Processed 400/27560
Debug :: Doubling LMDB map size to 20MB ...
Debug :: Processed 600/27560
Debug :: Doubling LMDB map size to 40MB ...
Debug :: Processed 900/27560
Debug :: Processed 1100/27560
Debug :: Processed 1300/27560
Debug :: Processed 1500/27560
Debug :: Processed 1700/27560
Debug :: Doubling LMDB map size to 80MB ...
Debug :: Processed 1900/27560
Debug :: Processed 2200/27560
Debug :: Processed 2400/27560
Debug :: Processed 2600/27560
Debug :: Processed 2800/27560
Debug :: Processed 3100/27560
Debug :: Processed 3300/27560
Debug :: Processed 3500/27560
Debug :: Doubling LMDB map size to 160MB ...
Debug :: Processed 3800/27560
Debug :: Processed 4000/27560
Debug :: Processed 4200/27560
Debug :: Processed 4500/27560
Debug :: Processed 4700/27560
Debug :: Processed 4900/27560
Debug :: Processed 5100/27560
Debug :: Processed 5400/27560
Debug :: Processed 5600/27560
Debug :: Processed 5800/27560
Debug :: Processed 6100/27560
Debug :: Processed 6300/27560
Debug :: Processed 6500/27560
Debug :: Processed 6800/27560
Debug :: Processed 7000/27560
Debug :: Doubling LMDB map size to 320MB ...
Debug :: Processed 7200/27560
Debug :: Processed 7500/27560
Debug :: Processed 7700/27560
Debug :: Processed 7900/27560
Debug :: Processed 8200/27560
Debug :: Processed 8400/27560
Debug :: Processed 8600/27560
Debug :: Processed 8900/27560
Debug :: Processed 9100/27560
Debug :: Processed 9300/27560
Debug :: Processed 9500/27560
Debug :: Processed 9800/27560
Debug :: Processed 10000/27560
Debug :: Processed 10200/27560
Debug :: Processed 10500/27560
Debug :: Processed 10700/27560
Debug :: Processed 10900/27560
Debug :: Processed 11200/27560
Debug :: Processed 11400/27560
Debug :: Processed 11600/27560
Debug :: Processed 11900/27560
Debug :: Processed 12100/27560
Debug :: Processed 12300/27560
Debug :: Processed 12600/27560
Debug :: Processed 12800/27560
Debug :: Processed 13000/27560
Debug :: Processed 13200/27560
Debug :: Processed 13400/27560
Debug :: Processed 13600/27560
Debug :: Processed 13800/27560
Debug :: Processed 14000/27560
Debug :: Doubling LMDB map size to 640MB ...
Debug :: Processed 14300/27560
Debug :: Processed 14500/27560
Debug :: Processed 14700/27560
Debug :: Processed 14900/27560
Debug :: Processed 15200/27560
Debug :: Processed 15400/27560
Debug :: Processed 15700/27560
Debug :: Processed 15900/27560
Debug :: Processed 16200/27560
Debug :: Processed 16400/27560
Debug :: Processed 16600/27560
Debug :: Processed 16800/27560
Debug :: Processed 17100/27560
Debug :: Processed 17300/27560
Debug :: Processed 17500/27560
Debug :: Processed 17800/27560
Debug :: Processed 18000/27560
Debug :: Processed 18200/27560
Debug :: Processed 18500/27560
Debug :: Processed 18700/27560
Debug :: Processed 18900/27560
Debug :: Processed 19200/27560
Debug :: Processed 19400/27560
Debug :: Processed 19600/27560
Debug :: Processed 19900/27560
Debug :: Processed 20100/27560
Debug :: Processed 20300/27560
Debug :: Processed 20600/27560
Debug :: Processed 20900/27560
Debug :: Processed 21100/27560
Debug :: Processed 21300/27560
Debug :: Processed 21600/27560
Debug :: Processed 21800/27560
Debug :: Processed 22000/27560
Debug :: Processed 22300/27560
Debug :: Processed 22500/27560
Debug :: Processed 22700/27560
Debug :: Processed 23000/27560
Debug :: Processed 23200/27560
Debug :: Processed 23400/27560
Debug :: Processed 23700/27560
Debug :: Processed 23900/27560
Debug :: Processed 24100/27560
Debug :: Processed 24400/27560
Debug :: Processed 24600/27560
Debug :: Processed 24900/27560
Debug :: Processed 25100/27560
Debug :: Processed 25300/27560
Debug :: Processed 25600/27560
Debug :: Processed 25800/27560
Debug :: Processed 26000/27560
Debug :: Processed 26200/27560
Debug :: Processed 26500/27560
Debug :: Processed 26700/27560
Debug :: Processed 26900/27560
Debug :: Processed 27200/27560
Debug :: Processed 27400/27560
Debug :: 27560 images loaded
Info :: 27560 images written to database
Info :: Database created after 248 seconds.
