STARTING AT Sun Apr 3 02:08:04 CEST 2016
/ssoft/caffe/2014/gnu/4.8.3/python/caffe/pycaffe.py:13: RuntimeWarning: to-Python converter for boost::shared_ptr<caffe::Net<float> > already registered; second conversion method ignored.
  from ._caffe import Net, SGDSolver, NesterovSolver, AdaGradSolver, \
/ssoft/caffe/2014/gnu/4.8.3/python/caffe/pycaffe.py:13: RuntimeWarning: to-Python converter for boost::shared_ptr<caffe::Blob<float> > already registered; second conversion method ignored.
  from ._caffe import Net, SGDSolver, NesterovSolver, AdaGradSolver, \
/ssoft/caffe/2014/gnu/4.8.3/python/caffe/pycaffe.py:13: RuntimeWarning: to-Python converter for boost::shared_ptr<caffe::Solver<float> > already registered; second conversion method ignored.
  from ._caffe import Net, SGDSolver, NesterovSolver, AdaGradSolver, \
Debug :: 32527 total lines in file
Info :: 32527 valid lines in file
Debug :: Category 0 has 361 images.
Debug :: Category 1 has 475 images.
Debug :: Category 2 has 171 images.
Debug :: Category 3 has 1055 images.
Debug :: Category 4 has 942 images.
Debug :: Category 5 has 642 images.
Debug :: Category 6 has 412 images.
Debug :: Category 7 has 310 images.
Debug :: Category 8 has 735 images.
Debug :: Category 9 has 594 images.
Debug :: Category 10 has 721 images.
Debug :: Category 11 has 704 images.
Debug :: Category 12 has 839 images.
Debug :: Category 13 has 604 images.
Debug :: Category 14 has 267 images.
Debug :: Category 15 has 3233 images.
Debug :: Category 16 has 1448 images.
Debug :: Category 17 has 236 images.
Debug :: Category 18 has 680 images.
Debug :: Category 19 has 902 images.
Debug :: Category 20 has 588 images.
Debug :: Category 21 has 588 images.
Debug :: Category 22 has 68 images.
Debug :: Category 23 has 137 images.
Debug :: Category 24 has 2979 images.
Debug :: Category 25 has 1135 images.
Debug :: Category 26 has 580 images.
Debug :: Category 27 has 300 images.
Debug :: Category 28 has 1272 images.
Debug :: Category 29 has 543 images.
Debug :: Category 30 has 1146 images.
Debug :: Category 31 has 560 images.
Debug :: Category 32 has 1080 images.
Debug :: Category 33 has 936 images.
Debug :: Category 34 has 880 images.
Debug :: Category 35 has 3163 images.
Debug :: Category 36 has 231 images.
Debug :: Category 37 has 1010 images.
Debug :: Processed 300/32527
Debug :: Doubling LMDB map size to 20MB ...
Debug :: Processed 600/32527
Debug :: Processed 800/32527
Debug :: Doubling LMDB map size to 40MB ...
Debug :: Processed 1100/32527
Debug :: Processed 1400/32527
Debug :: Processed 1600/32527
Debug :: Doubling LMDB map size to 80MB ...
Debug :: Processed 1800/32527
Debug :: Processed 2000/32527
Debug :: Processed 2200/32527
Debug :: Processed 2400/32527
Debug :: Processed 2600/32527
Debug :: Processed 2800/32527
Debug :: Processed 3000/32527
Debug :: Processed 3200/32527
Debug :: Doubling LMDB map size to 160MB ...
Debug :: Processed 3500/32527
Debug :: Processed 3700/32527
Debug :: Processed 3900/32527
Debug :: Processed 4100/32527
Debug :: Processed 4300/32527
Debug :: Processed 4500/32527
Debug :: Processed 4700/32527
Debug :: Processed 4900/32527
Debug :: Processed 5100/32527
Debug :: Processed 5300/32527
Debug :: Processed 5500/32527
Debug :: Processed 5700/32527
Debug :: Processed 5900/32527
Debug :: Processed 6100/32527
Debug :: Processed 6300/32527
Debug :: Processed 6600/32527
Debug :: Processed 6800/32527
Debug :: Processed 7000/32527
Debug :: Doubling LMDB map size to 320MB ...
Debug :: Processed 7100/32527
Debug :: Processed 7300/32527
Debug :: Processed 7500/32527
Debug :: Processed 7700/32527
Debug :: Processed 8000/32527
Debug :: Processed 8200/32527
Debug :: Processed 8400/32527
Debug :: Processed 8600/32527
Debug :: Processed 8800/32527
Debug :: Processed 9000/32527
Debug :: Processed 9200/32527
Debug :: Processed 9500/32527
Debug :: Processed 9600/32527
Debug :: Processed 9900/32527
Debug :: Processed 10100/32527
Debug :: Processed 10300/32527
Debug :: Processed 10500/32527
Debug :: Processed 10700/32527
Debug :: Processed 10900/32527
Debug :: Processed 11100/32527
Debug :: Processed 11300/32527
Debug :: Processed 11500/32527
Debug :: Processed 11700/32527
Debug :: Processed 11900/32527
Debug :: Processed 12100/32527
Debug :: Processed 12400/32527
Debug :: Processed 12600/32527
Debug :: Processed 12800/32527
Debug :: Processed 13000/32527
Debug :: Processed 13300/32527
Debug :: Processed 13500/32527
Debug :: Processed 13800/32527
Debug :: Processed 14000/32527
Debug :: Doubling LMDB map size to 640MB ...
Debug :: Processed 14300/32527
Debug :: Processed 14500/32527
Debug :: Processed 14800/32527
Debug :: Processed 15000/32527
Debug :: Processed 15200/32527
Debug :: Processed 15500/32527
Debug :: Processed 15700/32527
Debug :: Processed 15900/32527
Debug :: Processed 16100/32527
Debug :: Processed 16400/32527
Debug :: Processed 16600/32527
Debug :: Processed 16800/32527
Debug :: Processed 17100/32527
Debug :: Processed 17300/32527
Debug :: Processed 17500/32527
Debug :: Processed 17700/32527
Debug :: Processed 18000/32527
Debug :: Processed 18200/32527
Debug :: Processed 18400/32527
Debug :: Processed 18600/32527
Debug :: Processed 18900/32527
Debug :: Processed 19100/32527
Debug :: Processed 19300/32527
Debug :: Processed 19500/32527
Debug :: Processed 19700/32527
Debug :: Processed 19900/32527
Debug :: Processed 20100/32527
Debug :: Processed 20300/32527
Debug :: Processed 20500/32527
Debug :: Processed 20800/32527
Debug :: Processed 21000/32527
Debug :: Processed 21200/32527
Debug :: Processed 21400/32527
Debug :: Processed 21600/32527
Debug :: Processed 21800/32527
Debug :: Processed 22000/32527
Debug :: Processed 22200/32527
Debug :: Processed 22400/32527
Debug :: Processed 22600/32527
Debug :: Processed 22800/32527
Debug :: Processed 23000/32527
Debug :: Processed 23300/32527
Debug :: Processed 23500/32527
Debug :: Processed 23700/32527
Debug :: Processed 23900/32527
Debug :: Processed 24100/32527
Debug :: Processed 24300/32527
Debug :: Processed 24500/32527
Debug :: Processed 24700/32527
Debug :: Processed 24900/32527
Debug :: Processed 25100/32527
Debug :: Processed 25300/32527
Debug :: Processed 25600/32527
Debug :: Processed 25800/32527
Debug :: Processed 26000/32527
Debug :: Processed 26200/32527
Debug :: Processed 26400/32527
Debug :: Processed 26600/32527
Debug :: Processed 26800/32527
Debug :: Processed 27000/32527
Debug :: Processed 27200/32527
Debug :: Processed 27400/32527
Debug :: Processed 27600/32527
Debug :: Processed 27800/32527
Debug :: Processed 28000/32527
Debug :: Doubling LMDB map size to 1280MB ...
Debug :: Processed 28200/32527
Debug :: Processed 28400/32527
Debug :: Processed 28600/32527
Debug :: Processed 28900/32527
Debug :: Processed 29100/32527
Debug :: Processed 29300/32527
Debug :: Processed 29500/32527
Debug :: Processed 29700/32527
Debug :: Processed 29900/32527
Debug :: Processed 30100/32527
Debug :: Processed 30300/32527
Debug :: Processed 30500/32527
Debug :: Processed 30700/32527
Debug :: Processed 30900/32527
Debug :: Processed 31100/32527
Debug :: Processed 31400/32527
Debug :: Processed 31600/32527
Debug :: Processed 31800/32527
Debug :: Processed 32000/32527
Debug :: Processed 32100/32527
Debug :: Processed 32300/32527
Debug :: 32527 images loaded
Info :: 32527 images written to database
Info :: Mean saved at "lmdb/grayscale-60-40/mean.binaryproto"
Info :: Database created after 320 seconds.
/ssoft/caffe/2014/gnu/4.8.3/python/caffe/pycaffe.py:13: RuntimeWarning: to-Python converter for boost::shared_ptr<caffe::Net<float> > already registered; second conversion method ignored.
  from ._caffe import Net, SGDSolver, NesterovSolver, AdaGradSolver, \
/ssoft/caffe/2014/gnu/4.8.3/python/caffe/pycaffe.py:13: RuntimeWarning: to-Python converter for boost::shared_ptr<caffe::Blob<float> > already registered; second conversion method ignored.
  from ._caffe import Net, SGDSolver, NesterovSolver, AdaGradSolver, \
/ssoft/caffe/2014/gnu/4.8.3/python/caffe/pycaffe.py:13: RuntimeWarning: to-Python converter for boost::shared_ptr<caffe::Solver<float> > already registered; second conversion method ignored.
  from ._caffe import Net, SGDSolver, NesterovSolver, AdaGradSolver, \
Debug :: 21778 total lines in file
Info :: 21778 valid lines in file
Debug :: Category 0 has 269 images.
Debug :: Category 1 has 146 images.
Debug :: Category 2 has 104 images.
Debug :: Category 3 has 590 images.
Debug :: Category 4 has 560 images.
Debug :: Category 5 has 410 images.
Debug :: Category 6 has 442 images.
Debug :: Category 7 has 203 images.
Debug :: Category 8 has 457 images.
Debug :: Category 9 has 391 images.
Debug :: Category 10 has 441 images.
Debug :: Category 11 has 476 images.
Debug :: Category 12 has 544 images.
Debug :: Category 13 has 472 images.
Debug :: Category 14 has 156 images.
Debug :: Category 15 has 2274 images.
Debug :: Category 16 has 849 images.
Debug :: Category 17 has 124 images.
Debug :: Category 18 has 317 images.
Debug :: Category 19 has 576 images.
Debug :: Category 20 has 412 images.
Debug :: Category 21 has 412 images.
Debug :: Category 22 has 84 images.
Debug :: Category 23 has 234 images.
Debug :: Category 24 has 2111 images.
Debug :: Category 25 has 700 images.
Debug :: Category 26 has 529 images.
Debug :: Category 27 has 156 images.
Debug :: Category 28 has 855 images.
Debug :: Category 29 has 457 images.
Debug :: Category 30 has 763 images.
Debug :: Category 31 has 392 images.
Debug :: Category 32 has 691 images.
Debug :: Category 33 has 740 images.
Debug :: Category 34 has 524 images.
Debug :: Category 35 has 2194 images.
Debug :: Category 36 has 142 images.
Debug :: Category 37 has 581 images.
Debug :: Processed 100/21778
Debug :: Processed 300/21778
Debug :: Doubling LMDB map size to 20MB ...
Debug :: Processed 600/21778
Debug :: Processed 800/21778
Debug :: Doubling LMDB map size to 40MB ...
Debug :: Processed 1100/21778
Debug :: Processed 1400/21778
Debug :: Processed 1700/21778
Debug :: Doubling LMDB map size to 80MB ...
Debug :: Processed 2000/21778
Debug :: Processed 2300/21778
Debug :: Processed 2600/21778
Debug :: Processed 3000/21778
Debug :: Processed 3300/21778
Debug :: Doubling LMDB map size to 160MB ...
Debug :: Processed 3600/21778
Debug :: Processed 3900/21778
Debug :: Processed 4300/21778
Debug :: Processed 4600/21778
Debug :: Processed 4800/21778
Debug :: Processed 5100/21778
Debug :: Processed 5400/21778
Debug :: Processed 5600/21778
Debug :: Processed 5900/21778
Debug :: Processed 6100/21778
Debug :: Processed 6400/21778
Debug :: Processed 6600/21778
Debug :: Processed 6900/21778
Debug :: Doubling LMDB map size to 320MB ...
Debug :: Processed 7100/21778
Debug :: Processed 7300/21778
Debug :: Processed 7600/21778
Debug :: Processed 7800/21778
Debug :: Processed 8000/21778
Debug :: Processed 8300/21778
Debug :: Processed 8500/21778
Debug :: Processed 8700/21778
Debug :: Processed 9000/21778
Debug :: Processed 9200/21778
Debug :: Processed 9400/21778
Debug :: Processed 9700/21778
Debug :: Processed 9900/21778
Debug :: Processed 10100/21778
Debug :: Processed 10400/21778
Debug :: Processed 10600/21778
Debug :: Processed 10900/21778
Debug :: Processed 11100/21778
Debug :: Processed 11300/21778
Debug :: Processed 11500/21778
Debug :: Processed 11700/21778
Debug :: Processed 11900/21778
Debug :: Processed 12100/21778
Debug :: Processed 12300/21778
Debug :: Processed 12500/21778
Debug :: Processed 12800/21778
Debug :: Processed 13000/21778
Debug :: Processed 13200/21778
Debug :: Processed 13400/21778
Debug :: Processed 13600/21778
Debug :: Processed 13800/21778
Debug :: Processed 14000/21778
Debug :: Doubling LMDB map size to 640MB ...
Debug :: Processed 14200/21778
Debug :: Processed 14400/21778
Debug :: Processed 14600/21778
Debug :: Processed 14800/21778
Debug :: Processed 15100/21778
Debug :: Processed 15600/21778
Debug :: Processed 16000/21778
Debug :: Processed 16400/21778
Debug :: Processed 16900/21778
Debug :: Processed 17300/21778
Debug :: Processed 17700/21778
Debug :: Processed 18200/21778
Debug :: Processed 18600/21778
Debug :: Processed 19000/21778
Debug :: Processed 19400/21778
Debug :: Processed 19900/21778
Debug :: Processed 20300/21778
Debug :: Processed 20800/21778
Debug :: Processed 21200/21778
Debug :: Processed 21600/21778
Debug :: 21778 images loaded
Info :: 21778 images written to database
Info :: Database created after 162 seconds.
