STARTING AT Sun Apr 3 02:08:04 CEST 2016
/ssoft/caffe/2014/gnu/4.8.3/python/caffe/pycaffe.py:13: RuntimeWarning: to-Python converter for boost::shared_ptr<caffe::Net<float> > already registered; second conversion method ignored.
  from ._caffe import Net, SGDSolver, NesterovSolver, AdaGradSolver, \
/ssoft/caffe/2014/gnu/4.8.3/python/caffe/pycaffe.py:13: RuntimeWarning: to-Python converter for boost::shared_ptr<caffe::Blob<float> > already registered; second conversion method ignored.
  from ._caffe import Net, SGDSolver, NesterovSolver, AdaGradSolver, \
/ssoft/caffe/2014/gnu/4.8.3/python/caffe/pycaffe.py:13: RuntimeWarning: to-Python converter for boost::shared_ptr<caffe::Solver<float> > already registered; second conversion method ignored.
  from ._caffe import Net, SGDSolver, NesterovSolver, AdaGradSolver, \
Debug :: 32541 total lines in file
Info :: 32541 valid lines in file
Debug :: Category 0 has 282 images.
Debug :: Category 1 has 454 images.
Debug :: Category 2 has 167 images.
Debug :: Category 3 has 951 images.
Debug :: Category 4 has 1000 images.
Debug :: Category 5 has 672 images.
Debug :: Category 6 has 496 images.
Debug :: Category 7 has 300 images.
Debug :: Category 8 has 695 images.
Debug :: Category 9 has 589 images.
Debug :: Category 10 has 711 images.
Debug :: Category 11 has 732 images.
Debug :: Category 12 has 800 images.
Debug :: Category 13 has 648 images.
Debug :: Category 14 has 256 images.
Debug :: Category 15 has 3376 images.
Debug :: Category 16 has 1434 images.
Debug :: Category 17 has 223 images.
Debug :: Category 18 has 522 images.
Debug :: Category 19 has 897 images.
Debug :: Category 20 has 596 images.
Debug :: Category 21 has 656 images.
Debug :: Category 22 has 108 images.
Debug :: Category 23 has 122 images.
Debug :: Category 24 has 3052 images.
Debug :: Category 25 has 1114 images.
Debug :: Category 26 has 681 images.
Debug :: Category 27 has 270 images.
Debug :: Category 28 has 1303 images.
Debug :: Category 29 has 629 images.
Debug :: Category 30 has 1067 images.
Debug :: Category 31 has 608 images.
Debug :: Category 32 has 1021 images.
Debug :: Category 33 has 1016 images.
Debug :: Category 34 has 826 images.
Debug :: Category 35 has 3143 images.
Debug :: Category 36 has 242 images.
Debug :: Category 37 has 882 images.
Debug :: Processed 200/32541
Debug :: Processed 500/32541
Debug :: Doubling LMDB map size to 20MB ...
Debug :: Processed 800/32541
Debug :: Processed 1000/32541
Debug :: Processed 1300/32541
Debug :: Doubling LMDB map size to 40MB ...
Debug :: Processed 1600/32541
Debug :: Processed 1800/32541
Debug :: Processed 2000/32541
Debug :: Processed 2300/32541
Debug :: Processed 2500/32541
Debug :: Processed 2700/32541
Debug :: Doubling LMDB map size to 80MB ...
Debug :: Processed 2900/32541
Debug :: Processed 3100/32541
Debug :: Processed 3300/32541
Debug :: Processed 3500/32541
Debug :: Processed 3700/32541
Debug :: Processed 3900/32541
Debug :: Processed 4100/32541
Debug :: Processed 4300/32541
Debug :: Processed 4500/32541
Debug :: Processed 4700/32541
Debug :: Processed 5000/32541
Debug :: Processed 5200/32541
Debug :: Processed 5400/32541
Debug :: Doubling LMDB map size to 160MB ...
Debug :: Processed 5600/32541
Debug :: Processed 5900/32541
Debug :: Processed 6100/32541
Debug :: Processed 6400/32541
Debug :: Processed 6600/32541
Debug :: Processed 6800/32541
Debug :: Processed 7100/32541
Debug :: Processed 7300/32541
Debug :: Processed 7500/32541
Debug :: Processed 7800/32541
Debug :: Processed 8000/32541
Debug :: Processed 8200/32541
Debug :: Processed 8500/32541
Debug :: Processed 8700/32541
Debug :: Processed 9000/32541
Debug :: Processed 9200/32541
Debug :: Processed 9400/32541
Debug :: Processed 9700/32541
Debug :: Processed 9900/32541
Debug :: Processed 10100/32541
Debug :: Processed 10400/32541
Debug :: Processed 10600/32541
Debug :: Processed 10800/32541
Debug :: Doubling LMDB map size to 320MB ...
Debug :: Processed 11100/32541
Debug :: Processed 11300/32541
Debug :: Processed 11500/32541
Debug :: Processed 11700/32541
Debug :: Processed 11900/32541
Debug :: Processed 12200/32541
Debug :: Processed 12400/32541
Debug :: Processed 12600/32541
Debug :: Processed 12800/32541
Debug :: Processed 13100/32541
Debug :: Processed 13300/32541
Debug :: Processed 13600/32541
Debug :: Processed 13800/32541
Debug :: Processed 14000/32541
Debug :: Processed 14300/32541
Debug :: Processed 14500/32541
Debug :: Processed 14700/32541
Debug :: Processed 14900/32541
Debug :: Processed 15200/32541
Debug :: Processed 15400/32541
Debug :: Processed 15600/32541
Debug :: Processed 15800/32541
Debug :: Processed 16100/32541
Debug :: Processed 16300/32541
Debug :: Processed 16500/32541
Debug :: Processed 16800/32541
Debug :: Processed 17000/32541
Debug :: Processed 17200/32541
Debug :: Processed 17400/32541
Debug :: Processed 17600/32541
Debug :: Processed 17900/32541
Debug :: Processed 18100/32541
Debug :: Processed 18300/32541
Debug :: Processed 18600/32541
Debug :: Processed 18800/32541
Debug :: Processed 19000/32541
Debug :: Processed 19200/32541
Debug :: Processed 19500/32541
Debug :: Processed 19700/32541
Debug :: Processed 19900/32541
Debug :: Processed 20200/32541
Debug :: Processed 20400/32541
Debug :: Processed 20600/32541
Debug :: Processed 20900/32541
Debug :: Processed 21100/32541
Debug :: Processed 21300/32541
Debug :: Processed 21500/32541
Debug :: Processed 21700/32541
Debug :: Doubling LMDB map size to 640MB ...
Debug :: Processed 21900/32541
Debug :: Processed 22100/32541
Debug :: Processed 22300/32541
Debug :: Processed 22500/32541
Debug :: Processed 22800/32541
Debug :: Processed 23000/32541
Debug :: Processed 23200/32541
Debug :: Processed 23400/32541
Debug :: Processed 23600/32541
Debug :: Processed 23800/32541
Debug :: Processed 24000/32541
Debug :: Processed 24300/32541
Debug :: Processed 24500/32541
Debug :: Processed 24700/32541
Debug :: Processed 24900/32541
Debug :: Processed 25100/32541
Debug :: Processed 25400/32541
Debug :: Processed 25600/32541
Debug :: Processed 25800/32541
Debug :: Processed 26000/32541
Debug :: Processed 26200/32541
Debug :: Processed 26400/32541
Debug :: Processed 26600/32541
Debug :: Processed 26900/32541
Debug :: Processed 27100/32541
Debug :: Processed 27300/32541
Debug :: Processed 27500/32541
Debug :: Processed 27700/32541
Debug :: Processed 28100/32541
Debug :: Processed 28300/32541
Debug :: Processed 28600/32541
Debug :: Processed 28900/32541
Debug :: Processed 29200/32541
Debug :: Processed 29600/32541
Debug :: Processed 29900/32541
Debug :: Processed 30200/32541
Debug :: Processed 30600/32541
Debug :: Processed 31000/32541
Debug :: Processed 31400/32541
Debug :: Processed 31800/32541
Debug :: Processed 32200/32541
Debug :: 32541 images loaded
Info :: 32541 images written to database
Info :: Mean saved at "lmdb/segmented-60-40/mean.binaryproto"
Info :: Database created after 284 seconds.
/ssoft/caffe/2014/gnu/4.8.3/python/caffe/pycaffe.py:13: RuntimeWarning: to-Python converter for boost::shared_ptr<caffe::Net<float> > already registered; second conversion method ignored.
  from ._caffe import Net, SGDSolver, NesterovSolver, AdaGradSolver, \
/ssoft/caffe/2014/gnu/4.8.3/python/caffe/pycaffe.py:13: RuntimeWarning: to-Python converter for boost::shared_ptr<caffe::Blob<float> > already registered; second conversion method ignored.
  from ._caffe import Net, SGDSolver, NesterovSolver, AdaGradSolver, \
/ssoft/caffe/2014/gnu/4.8.3/python/caffe/pycaffe.py:13: RuntimeWarning: to-Python converter for boost::shared_ptr<caffe::Solver<float> > already registered; second conversion method ignored.
  from ._caffe import Net, SGDSolver, NesterovSolver, AdaGradSolver, \
Debug :: 21765 total lines in file
Info :: 21765 valid lines in file
Debug :: Category 0 has 348 images.
Debug :: Category 1 has 167 images.
Debug :: Category 2 has 108 images.
Debug :: Category 3 has 694 images.
Debug :: Category 4 has 502 images.
Debug :: Category 5 has 380 images.
Debug :: Category 6 has 358 images.
Debug :: Category 7 has 213 images.
Debug :: Category 8 has 497 images.
Debug :: Category 9 has 396 images.
Debug :: Category 10 has 451 images.
Debug :: Category 11 has 448 images.
Debug :: Category 12 has 584 images.
Debug :: Category 13 has 428 images.
Debug :: Category 14 has 167 images.
Debug :: Category 15 has 2131 images.
Debug :: Category 16 has 863 images.
Debug :: Category 17 has 137 images.
Debug :: Category 18 has 475 images.
Debug :: Category 19 has 581 images.
Debug :: Category 20 has 404 images.
Debug :: Category 21 has 344 images.
Debug :: Category 22 has 44 images.
Debug :: Category 23 has 249 images.
Debug :: Category 24 has 2038 images.
Debug :: Category 25 has 721 images.
Debug :: Category 26 has 428 images.
Debug :: Category 27 has 186 images.
Debug :: Category 28 has 824 images.
Debug :: Category 29 has 371 images.
Debug :: Category 30 has 842 images.
Debug :: Category 31 has 344 images.
Debug :: Category 32 has 750 images.
Debug :: Category 33 has 660 images.
Debug :: Category 34 has 578 images.
Debug :: Category 35 has 2214 images.
Debug :: Category 36 has 131 images.
Debug :: Category 37 has 709 images.
Debug :: Processed 200/21765
Debug :: Processed 500/21765
Debug :: Doubling LMDB map size to 20MB ...
Debug :: Processed 700/21765
Debug :: Processed 1000/21765
Debug :: Processed 1300/21765
Debug :: Doubling LMDB map size to 40MB ...
Debug :: Processed 1500/21765
Debug :: Processed 1800/21765
Debug :: Processed 2000/21765
Debug :: Processed 2300/21765
Debug :: Processed 2500/21765
Debug :: Doubling LMDB map size to 80MB ...
Debug :: Processed 2800/21765
Debug :: Processed 3000/21765
Debug :: Processed 3200/21765
Debug :: Processed 3500/21765
Debug :: Processed 3700/21765
Debug :: Processed 4000/21765
Debug :: Processed 4200/21765
Debug :: Processed 4500/21765
Debug :: Processed 4700/21765
Debug :: Processed 5000/21765
Debug :: Processed 5200/21765
Debug :: Doubling LMDB map size to 160MB ...
Debug :: Processed 5500/21765
Debug :: Processed 5700/21765
Debug :: Processed 5900/21765
Debug :: Processed 6100/21765
Debug :: Processed 6300/21765
Debug :: Processed 6500/21765
Debug :: Processed 6800/21765
Debug :: Processed 7000/21765
Debug :: Processed 7300/21765
Debug :: Processed 7500/21765
Debug :: Processed 7800/21765
Debug :: Processed 8100/21765
Debug :: Processed 8300/21765
Debug :: Processed 8500/21765
Debug :: Processed 8800/21765
Debug :: Processed 9000/21765
Debug :: Processed 9300/21765
Debug :: Processed 9500/21765
Debug :: Processed 9800/21765
Debug :: Processed 10000/21765
Debug :: Processed 10200/21765
Debug :: Processed 10500/21765
Debug :: Processed 10700/21765
Debug :: Doubling LMDB map size to 320MB ...
Debug :: Processed 10900/21765
Debug :: Processed 11200/21765
Debug :: Processed 11400/21765
Debug :: Processed 11700/21765
Debug :: Processed 11900/21765
Debug :: Processed 12200/21765
Debug :: Processed 12400/21765
Debug :: Processed 12700/21765
Debug :: Processed 12900/21765
Debug :: Processed 13200/21765
Debug :: Processed 13400/21765
Debug :: Processed 13600/21765
Debug :: Processed 13900/21765
Debug :: Processed 14100/21765
Debug :: Processed 14400/21765
Debug :: Processed 14600/21765
Debug :: Processed 14800/21765
Debug :: Processed 15100/21765
Debug :: Processed 15300/21765
Debug :: Processed 15500/21765
Debug :: Processed 15800/21765
Debug :: Processed 16000/21765
Debug :: Processed 16300/21765
Debug :: Processed 16500/21765
Debug :: Processed 16800/21765
Debug :: Processed 17000/21765
Debug :: Processed 17200/21765
Debug :: Processed 17500/21765
Debug :: Processed 17700/21765
Debug :: Processed 18000/21765
Debug :: Processed 18200/21765
Debug :: Processed 18500/21765
Debug :: Processed 18700/21765
Debug :: Processed 19000/21765
Debug :: Processed 19200/21765
Debug :: Processed 19500/21765
Debug :: Processed 19700/21765
Debug :: Processed 19900/21765
Debug :: Processed 20200/21765
Debug :: Processed 20400/21765
Debug :: Processed 20700/21765
Debug :: Processed 20900/21765
Debug :: Processed 21200/21765
Debug :: Processed 21400/21765
Debug :: Doubling LMDB map size to 640MB ...
Debug :: Processed 21700/21765
Debug :: 21765 images loaded
Info :: 21765 images written to database
Info :: Database created after 185 seconds.
