STARTING AT Sun Apr 3 02:08:04 CEST 2016
/ssoft/caffe/2014/gnu/4.8.3/python/caffe/pycaffe.py:13: RuntimeWarning: to-Python converter for boost::shared_ptr<caffe::Net<float> > already registered; second conversion method ignored.
  from ._caffe import Net, SGDSolver, NesterovSolver, AdaGradSolver, \
/ssoft/caffe/2014/gnu/4.8.3/python/caffe/pycaffe.py:13: RuntimeWarning: to-Python converter for boost::shared_ptr<caffe::Blob<float> > already registered; second conversion method ignored.
  from ._caffe import Net, SGDSolver, NesterovSolver, AdaGradSolver, \
/ssoft/caffe/2014/gnu/4.8.3/python/caffe/pycaffe.py:13: RuntimeWarning: to-Python converter for boost::shared_ptr<caffe::Solver<float> > already registered; second conversion method ignored.
  from ._caffe import Net, SGDSolver, NesterovSolver, AdaGradSolver, \
Debug :: 32520 total lines in file
Info :: 32520 valid lines in file
Debug :: Category 0 has 378 images.
Debug :: Category 1 has 323 images.
Debug :: Category 2 has 163 images.
Debug :: Category 3 has 1044 images.
Debug :: Category 4 has 867 images.
Debug :: Category 5 has 671 images.
Debug :: Category 6 has 536 images.
Debug :: Category 7 has 329 images.
Debug :: Category 8 has 732 images.
Debug :: Category 9 has 578 images.
Debug :: Category 10 has 692 images.
Debug :: Category 11 has 772 images.
Debug :: Category 12 has 863 images.
Debug :: Category 13 has 648 images.
Debug :: Category 14 has 246 images.
Debug :: Category 15 has 3181 images.
Debug :: Category 16 has 1411 images.
Debug :: Category 17 has 127 images.
Debug :: Category 18 has 579 images.
Debug :: Category 19 has 838 images.
Debug :: Category 20 has 560 images.
Debug :: Category 21 has 588 images.
Debug :: Category 22 has 124 images.
Debug :: Category 23 has 220 images.
Debug :: Category 24 has 3102 images.
Debug :: Category 25 has 1119 images.
Debug :: Category 26 has 673 images.
Debug :: Category 27 has 296 images.
Debug :: Category 28 has 1204 images.
Debug :: Category 29 has 620 images.
Debug :: Category 30 has 1145 images.
Debug :: Category 31 has 544 images.
Debug :: Category 32 has 1058 images.
Debug :: Category 33 has 1052 images.
Debug :: Category 34 has 815 images.
Debug :: Category 35 has 3241 images.
Debug :: Category 36 has 211 images.
Debug :: Category 37 has 970 images.
Debug :: Processed 200/32520
Debug :: Doubling LMDB map size to 20MB ...
Debug :: Processed 600/32520
Debug :: Doubling LMDB map size to 40MB ...
Debug :: Processed 900/32520
Debug :: Processed 1300/32520
Debug :: Processed 1600/32520
Debug :: Doubling LMDB map size to 80MB ...
Debug :: Processed 1900/32520
Debug :: Processed 2200/32520
Debug :: Processed 2400/32520
Debug :: Processed 2700/32520
Debug :: Processed 2900/32520
Debug :: Processed 3200/32520
Debug :: Doubling LMDB map size to 160MB ...
Debug :: Processed 3400/32520
Debug :: Processed 3700/32520
Debug :: Processed 3900/32520
Debug :: Processed 4100/32520
Debug :: Processed 4400/32520
Debug :: Processed 4600/32520
Debug :: Processed 4800/32520
Debug :: Processed 5100/32520
Debug :: Processed 5300/32520
Debug :: Processed 5600/32520
Debug :: Processed 5800/32520
Debug :: Processed 6000/32520
Debug :: Processed 6200/32520
Debug :: Processed 6500/32520
Debug :: Doubling LMDB map size to 320MB ...
Debug :: Processed 6800/32520
Debug :: Processed 7000/32520
Debug :: Processed 7200/32520
Debug :: Processed 7500/32520
Debug :: Processed 7700/32520
Debug :: Processed 7900/32520
Debug :: Processed 8200/32520
Debug :: Processed 8400/32520
Debug :: Processed 8600/32520
Debug :: Processed 8900/32520
Debug :: Processed 9100/32520
Debug :: Processed 9400/32520
Debug :: Processed 9600/32520
Debug :: Processed 9800/32520
Debug :: Processed 10000/32520
Debug :: Processed 10300/32520
Debug :: Processed 10500/32520
Debug :: Processed 10700/32520
Debug :: Processed 11000/32520
Debug :: Processed 11200/32520
Debug :: Processed 11500/32520
Debug :: Processed 11700/32520
Debug :: Processed 11900/32520
Debug :: Processed 12200/32520
Debug :: Processed 12400/32520
Debug :: Processed 12700/32520
Debug :: Processed 12900/32520
Debug :: Processed 13100/32520
Debug :: Processed 13300/32520
Debug :: Doubling LMDB map size to 640MB ...
Debug :: Processed 13600/32520
Debug :: Processed 13800/32520
Debug :: Processed 14000/32520
Debug :: Processed 14300/32520
Debug :: Processed 14500/32520
Debug :: Processed 14700/32520
Debug :: Processed 14900/32520
Debug :: Processed 15200/32520
Debug :: Processed 15400/32520
Debug :: Processed 15600/32520
Debug :: Processed 15800/32520
Debug :: Processed 16100/32520
Debug :: Processed 16300/32520
Debug :: Processed 16500/32520
Debug :: Processed 16700/32520
Debug :: Processed 17000/32520
Debug :: Processed 17200/32520
Debug :: Processed 17400/32520
Debug :: Processed 17600/32520
Debug :: Processed 17900/32520
Debug :: Processed 18100/32520
Debug :: Processed 18300/32520
Debug :: Processed 18600/32520
Debug :: Processed 18800/32520
Debug :: Processed 19000/32520
Debug :: Processed 19300/32520
Debug :: Processed 19500/32520
Debug :: Processed 19700/32520
Debug :: Processed 20000/32520
Debug :: Processed 20200/32520
Debug :: Processed 20400/32520
Debug :: Processed 20700/32520
Debug :: Processed 20900/32520
Debug :: Processed 21100/32520
Debug :: Processed 21400/32520
Debug :: Processed 21600/32520
Debug :: Processed 21800/32520
Debug :: Processed 22100/32520
Debug :: Processed 22300/32520
Debug :: Processed 22500/32520
Debug :: Processed 22800/32520
Debug :: Processed 23000/32520
Debug :: Processed 23200/32520
Debug :: Processed 23500/32520
Debug :: Processed 23700/32520
Debug :: Processed 23900/32520
Debug :: Processed 24200/32520
Debug :: Processed 24400/32520
Debug :: Processed 24600/32520
Debug :: Processed 24900/32520
Debug :: Processed 25100/32520
Debug :: Processed 25300/32520
Debug :: Processed 25600/32520
Debug :: Processed 25800/32520
Debug :: Processed 26000/32520
Debug :: Processed 26200/32520
Debug :: Processed 26500/32520
Debug :: Processed 26700/32520
Debug :: Processed 26900/32520
Debug :: Doubling LMDB map size to 1280MB ...
Debug :: Processed 27200/32520
Debug :: Processed 27400/32520
Debug :: Processed 27600/32520
Debug :: Processed 27900/32520
Debug :: Processed 28100/32520
Debug :: Processed 28400/32520
Debug :: Processed 28600/32520
Debug :: Processed 28800/32520
Debug :: Processed 29000/32520
Debug :: Processed 29300/32520
Debug :: Processed 29500/32520
Debug :: Processed 29700/32520
Debug :: Processed 29900/32520
Debug :: Processed 30200/32520
Debug :: Processed 30400/32520
Debug :: Processed 30600/32520
Debug :: Processed 30800/32520
Debug :: Processed 31100/32520
Debug :: Processed 31400/32520
Debug :: Processed 31700/32520
Debug :: Processed 32000/32520
Debug :: Processed 32400/32520
Debug :: 32520 images loaded
Info :: 32520 images written to database
Info :: Mean saved at "lmdb/color-60-40/mean.binaryproto"
Info :: Database created after 279 seconds.
/ssoft/caffe/2014/gnu/4.8.3/python/caffe/pycaffe.py:13: RuntimeWarning: to-Python converter for boost::shared_ptr<caffe::Net<float> > already registered; second conversion method ignored.
  from ._caffe import Net, SGDSolver, NesterovSolver, AdaGradSolver, \
/ssoft/caffe/2014/gnu/4.8.3/python/caffe/pycaffe.py:13: RuntimeWarning: to-Python converter for boost::shared_ptr<caffe::Blob<float> > already registered; second conversion method ignored.
  from ._caffe import Net, SGDSolver, NesterovSolver, AdaGradSolver, \
/ssoft/caffe/2014/gnu/4.8.3/python/caffe/pycaffe.py:13: RuntimeWarning: to-Python converter for boost::shared_ptr<caffe::Solver<float> > already registered; second conversion method ignored.
  from ._caffe import Net, SGDSolver, NesterovSolver, AdaGradSolver, \
Debug :: 21785 total lines in file
Info :: 21785 valid lines in file
Debug :: Category 0 has 252 images.
Debug :: Category 1 has 298 images.
Debug :: Category 2 has 112 images.
Debug :: Category 3 has 601 images.
Debug :: Category 4 has 635 images.
Debug :: Category 5 has 381 images.
Debug :: Category 6 has 318 images.
Debug :: Category 7 has 184 images.
Debug :: Category 8 has 460 images.
Debug :: Category 9 has 407 images.
Debug :: Category 10 has 470 images.
Debug :: Category 11 has 408 images.
Debug :: Category 12 has 520 images.
Debug :: Category 13 has 428 images.
Debug :: Category 14 has 177 images.
Debug :: Category 15 has 2326 images.
Debug :: Category 16 has 886 images.
Debug :: Category 17 has 233 images.
Debug :: Category 18 has 418 images.
Debug :: Category 19 has 640 images.
Debug :: Category 20 has 440 images.
Debug :: Category 21 has 412 images.
Debug :: Category 22 has 28 images.
Debug :: Category 23 has 151 images.
Debug :: Category 24 has 1988 images.
Debug :: Category 25 has 716 images.
Debug :: Category 26 has 436 images.
Debug :: Category 27 has 160 images.
Debug :: Category 28 has 923 images.
Debug :: Category 29 has 380 images.
Debug :: Category 30 has 764 images.
Debug :: Category 31 has 408 images.
Debug :: Category 32 has 713 images.
Debug :: Category 33 has 624 images.
Debug :: Category 34 has 589 images.
Debug :: Category 35 has 2116 images.
Debug :: Category 36 has 162 images.
Debug :: Category 37 has 621 images.
Debug :: Processed 200/21785
Debug :: Processed 400/21785
Debug :: Doubling LMDB map size to 20MB ...
Debug :: Processed 700/21785
Debug :: Doubling LMDB map size to 40MB ...
Debug :: Processed 1000/21785
Debug :: Processed 1200/21785
Debug :: Processed 1500/21785
Debug :: Doubling LMDB map size to 80MB ...
Debug :: Processed 1700/21785
Debug :: Processed 2000/21785
Debug :: Processed 2300/21785
Debug :: Processed 2500/21785
Debug :: Processed 2700/21785
Debug :: Processed 3000/21785
Debug :: Processed 3200/21785
Debug :: Doubling LMDB map size to 160MB ...
Debug :: Processed 3500/21785
Debug :: Processed 3700/21785
Debug :: Processed 3900/21785
Debug :: Processed 4200/21785
Debug :: Processed 4400/21785
Debug :: Processed 4600/21785
Debug :: Processed 4900/21785
Debug :: Processed 5100/21785
Debug :: Processed 5300/21785
Debug :: Processed 5600/21785
Debug :: Processed 5800/21785
Debug :: Processed 6100/21785
Debug :: Processed 6300/21785
Debug :: Processed 6500/21785
Debug :: Doubling LMDB map size to 320MB ...
Debug :: Processed 6800/21785
Debug :: Processed 7000/21785
Debug :: Processed 7300/21785
Debug :: Processed 7500/21785
Debug :: Processed 7700/21785
Debug :: Processed 7900/21785
Debug :: Processed 8200/21785
Debug :: Processed 8400/21785
Debug :: Processed 8700/21785
Debug :: Processed 8900/21785
Debug :: Processed 9100/21785
Debug :: Processed 9300/21785
Debug :: Processed 9500/21785
Debug :: Processed 9700/21785
Debug :: Processed 9900/21785
Debug :: Processed 10100/21785
Debug :: Processed 10300/21785
Debug :: Processed 10500/21785
Debug :: Processed 10700/21785
Debug :: Processed 10900/21785
Debug :: Processed 11200/21785
Debug :: Processed 11400/21785
Debug :: Processed 11600/21785
Debug :: Processed 11800/21785
Debug :: Processed 12000/21785
Debug :: Processed 12200/21785
Debug :: Processed 12400/21785
Debug :: Processed 12600/21785
Debug :: Processed 12800/21785
Debug :: Processed 13000/21785
Debug :: Processed 13200/21785
Debug :: Processed 13500/21785
Debug :: Doubling LMDB map size to 640MB ...
Debug :: Processed 13700/21785
Debug :: Processed 13900/21785
Debug :: Processed 14100/21785
Debug :: Processed 14300/21785
Debug :: Processed 14500/21785
Debug :: Processed 14700/21785
Debug :: Processed 14900/21785
Debug :: Processed 15100/21785
Debug :: Processed 15400/21785
Debug :: Processed 15600/21785
Debug :: Processed 15800/21785
Debug :: Processed 16000/21785
Debug :: Processed 16200/21785
Debug :: Processed 16400/21785
Debug :: Processed 16600/21785
Debug :: Processed 16800/21785
Debug :: Processed 17100/21785
Debug :: Processed 17300/21785
Debug :: Processed 17500/21785
Debug :: Processed 17700/21785
Debug :: Processed 17900/21785
Debug :: Processed 18100/21785
Debug :: Processed 18300/21785
Debug :: Processed 18500/21785
Debug :: Processed 18700/21785
Debug :: Processed 18900/21785
Debug :: Processed 19100/21785
Debug :: Processed 19300/21785
Debug :: Processed 19600/21785
Debug :: Processed 19700/21785
Debug :: Processed 19900/21785
Debug :: Processed 20200/21785
Debug :: Processed 20400/21785
Debug :: Processed 20600/21785
Debug :: Processed 20800/21785
Debug :: Processed 21000/21785
Debug :: Processed 21300/21785
Debug :: Processed 21500/21785
Debug :: Processed 21700/21785
Debug :: 21785 images loaded
Info :: 21785 images written to database
Info :: Database created after 202 seconds.
